<?xml version="1.0" encoding="UTF-8"?>
<testsuite name="test.top.blockchain.TestIndexController" tests="1" skipped="0" failures="0" errors="0" timestamp="2019-08-01T12:43:29" hostname="DESKTOP-CQISV8A" time="3.003">
  <properties/>
  <testcase name="testIndex" classname="test.top.blockchain.TestIndexController" time="3.003"/>
  <system-out><![CDATA[20:43:25.975 [Test worker] DEBUG org.springframework.test.context.junit4.SpringJUnit4ClassRunner - SpringJUnit4ClassRunner constructor called with [class test.top.blockchain.TestIndexController]
20:43:25.982 [Test worker] DEBUG org.springframework.test.context.BootstrapUtils - Instantiating CacheAwareContextLoaderDelegate from class [org.springframework.test.context.cache.DefaultCacheAwareContextLoaderDelegate]
20:43:25.988 [Test worker] DEBUG org.springframework.test.context.BootstrapUtils - Instantiating BootstrapContext using constructor [public org.springframework.test.context.support.DefaultBootstrapContext(java.lang.Class,org.springframework.test.context.CacheAwareContextLoaderDelegate)]
20:43:26.012 [Test worker] DEBUG org.springframework.test.context.BootstrapUtils - Instantiating TestContextBootstrapper for test class [test.top.blockchain.TestIndexController] from class [org.springframework.boot.test.context.SpringBootTestContextBootstrapper]
20:43:26.020 [Test worker] INFO org.springframework.boot.test.context.SpringBootTestContextBootstrapper - Neither @ContextConfiguration nor @ContextHierarchy found for test class [test.top.blockchain.TestIndexController], using SpringBootContextLoader
20:43:26.023 [Test worker] DEBUG org.springframework.test.context.support.AbstractContextLoader - Did not detect default resource location for test class [test.top.blockchain.TestIndexController]: class path resource [test/top/blockchain/TestIndexController-context.xml] does not exist
20:43:26.023 [Test worker] DEBUG org.springframework.test.context.support.AbstractContextLoader - Did not detect default resource location for test class [test.top.blockchain.TestIndexController]: class path resource [test/top/blockchain/TestIndexControllerContext.groovy] does not exist
20:43:26.023 [Test worker] INFO org.springframework.test.context.support.AbstractContextLoader - Could not detect default resource locations for test class [test.top.blockchain.TestIndexController]: no resource found for suffixes {-context.xml, Context.groovy}.
20:43:26.063 [Test worker] DEBUG org.springframework.test.context.support.ActiveProfilesUtils - Could not find an 'annotation declaring class' for annotation type [org.springframework.test.context.ActiveProfiles] and class [test.top.blockchain.TestIndexController]
20:43:26.164 [Test worker] DEBUG org.springframework.boot.test.context.SpringBootTestContextBootstrapper - @TestExecutionListeners is not present for class [test.top.blockchain.TestIndexController]: using defaults.
20:43:26.165 [Test worker] INFO org.springframework.boot.test.context.SpringBootTestContextBootstrapper - Loaded default TestExecutionListener class names from location [META-INF/spring.factories]: [org.springframework.boot.test.autoconfigure.restdocs.RestDocsTestExecutionListener, org.springframework.boot.test.autoconfigure.web.client.MockRestServiceServerResetTestExecutionListener, org.springframework.boot.test.autoconfigure.web.servlet.MockMvcPrintOnlyOnFailureTestExecutionListener, org.springframework.boot.test.autoconfigure.web.servlet.WebDriverTestExecutionListener, org.springframework.boot.test.mock.mockito.MockitoTestExecutionListener, org.springframework.boot.test.mock.mockito.ResetMocksTestExecutionListener, org.springframework.test.context.web.ServletTestExecutionListener, org.springframework.test.context.support.DirtiesContextBeforeModesTestExecutionListener, org.springframework.test.context.support.DependencyInjectionTestExecutionListener, org.springframework.test.context.support.DirtiesContextTestExecutionListener, org.springframework.test.context.transaction.TransactionalTestExecutionListener, org.springframework.test.context.jdbc.SqlScriptsTestExecutionListener]
20:43:26.179 [Test worker] INFO org.springframework.boot.test.context.SpringBootTestContextBootstrapper - Using TestExecutionListeners: [org.springframework.test.context.web.ServletTestExecutionListener@65b20252, org.springframework.test.context.support.DirtiesContextBeforeModesTestExecutionListener@6dee7179, org.springframework.boot.test.mock.mockito.MockitoTestExecutionListener@4de1bfba, org.springframework.boot.test.autoconfigure.SpringBootDependencyInjectionTestExecutionListener@94abdcc, org.springframework.test.context.support.DirtiesContextTestExecutionListener@7c9f8e25, org.springframework.test.context.transaction.TransactionalTestExecutionListener@62e45d76, org.springframework.test.context.jdbc.SqlScriptsTestExecutionListener@223822ff, org.springframework.boot.test.autoconfigure.restdocs.RestDocsTestExecutionListener@7ec04fa9, org.springframework.boot.test.autoconfigure.web.client.MockRestServiceServerResetTestExecutionListener@7eae18f2, org.springframework.boot.test.autoconfigure.web.servlet.MockMvcPrintOnlyOnFailureTestExecutionListener@3ee1f5bc, org.springframework.boot.test.autoconfigure.web.servlet.WebDriverTestExecutionListener@5dad0745, org.springframework.boot.test.mock.mockito.ResetMocksTestExecutionListener@21ecb65e]
20:43:26.181 [Test worker] DEBUG org.springframework.test.annotation.ProfileValueUtils - Retrieved @ProfileValueSourceConfiguration [null] for test class [test.top.blockchain.TestIndexController]
20:43:26.182 [Test worker] DEBUG org.springframework.test.annotation.ProfileValueUtils - Retrieved ProfileValueSource type [class org.springframework.test.annotation.SystemProfileValueSource] for class [test.top.blockchain.TestIndexController]
20:43:26.182 [Test worker] DEBUG org.springframework.test.annotation.ProfileValueUtils - Retrieved @ProfileValueSourceConfiguration [null] for test class [test.top.blockchain.TestIndexController]
20:43:26.182 [Test worker] DEBUG org.springframework.test.annotation.ProfileValueUtils - Retrieved ProfileValueSource type [class org.springframework.test.annotation.SystemProfileValueSource] for class [test.top.blockchain.TestIndexController]
20:43:26.186 [Test worker] DEBUG org.springframework.test.context.support.AbstractDirtiesContextTestExecutionListener - Before test class: context [DefaultTestContext@7f3699fc testClass = TestIndexController, testInstance = [null], testMethod = [null], testException = [null], mergedContextConfiguration = [WebMergedContextConfiguration@318c218d testClass = TestIndexController, locations = '{}', classes = '{class top.blockchain.Application, class top.blockchain.Application}', contextInitializerClasses = '[]', activeProfiles = '{}', propertySourceLocations = '{}', propertySourceProperties = '{org.springframework.boot.test.context.SpringBootTestContextBootstrapper=true}', contextCustomizers = set[org.springframework.boot.test.autoconfigure.properties.PropertyMappingContextCustomizer@e7e8512, org.springframework.boot.test.autoconfigure.web.servlet.WebDriverContextCustomizerFactory$Customizer@1a953480, [ImportsContextCustomizer@7e6aefa2 key = [org.springframework.boot.test.autoconfigure.web.servlet.MockMvcAutoConfiguration, org.springframework.boot.test.autoconfigure.web.servlet.MockMvcSecurityAutoConfiguration, org.springframework.boot.test.autoconfigure.web.servlet.MockMvcWebClientAutoConfiguration, org.springframework.boot.test.autoconfigure.web.servlet.MockMvcWebDriverAutoConfiguration]], org.springframework.boot.test.context.filter.ExcludeFilterContextCustomizer@18fce279, org.springframework.boot.test.json.DuplicateJsonObjectContextCustomizerFactory$DuplicateJsonObjectContextCustomizer@3141c30, org.springframework.boot.test.mock.mockito.MockitoContextCustomizer@0, org.springframework.boot.test.web.client.TestRestTemplateContextCustomizer@38656d47], resourceBasePath = 'src/main/webapp', contextLoader = 'org.springframework.boot.test.context.SpringBootContextLoader', parent = [null]], attributes = map['org.springframework.test.context.web.ServletTestExecutionListener.activateListener' -> true]], class annotated with @DirtiesContext [false] with mode [null].
20:43:26.186 [Test worker] DEBUG org.springframework.test.annotation.ProfileValueUtils - Retrieved @ProfileValueSourceConfiguration [null] for test class [test.top.blockchain.TestIndexController]
20:43:26.186 [Test worker] DEBUG org.springframework.test.annotation.ProfileValueUtils - Retrieved ProfileValueSource type [class org.springframework.test.annotation.SystemProfileValueSource] for class [test.top.blockchain.TestIndexController]
20:43:26.205 [Test worker] DEBUG org.springframework.core.env.StandardEnvironment - Adding PropertySource 'systemProperties' with lowest search precedence
20:43:26.205 [Test worker] DEBUG org.springframework.core.env.StandardEnvironment - Adding PropertySource 'systemEnvironment' with lowest search precedence
20:43:26.205 [Test worker] DEBUG org.springframework.core.env.StandardEnvironment - Initialized StandardEnvironment with PropertySources [MapPropertySource@1623477509 {name='systemProperties', properties={java.runtime.name=Java(TM) SE Runtime Environment, sun.boot.library.path=D:\Develop\jdk8\jre\bin, java.vm.version=25.221-b11, java.vm.vendor=Oracle Corporation, java.vendor.url=http://java.oracle.com/, path.separator=;, java.vm.name=Java HotSpot(TM) 64-Bit Server VM, file.encoding.pkg=sun.io, user.script=, sun.java.launcher=SUN_STANDARD, user.country=CN, sun.os.patch.level=, java.vm.specification.name=Java Virtual Machine Specification, user.dir=D:\github\mycoin\BlockChainService, java.runtime.version=1.8.0_221-b11, java.awt.graphicsenv=sun.awt.Win32GraphicsEnvironment, java.endorsed.dirs=D:\Develop\jdk8\jre\lib\endorsed, os.arch=amd64, java.io.tmpdir=C:\Users\wfzzq\AppData\Local\Temp\, line.separator=
, java.vm.specification.vendor=Oracle Corporation, user.variant=, os.name=Windows 10, sun.jnu.encoding=GBK, java.library.path=D:\Develop\jdk8\bin;C:\Windows\Sun\Java\bin;C:\Windows\system32;C:\Windows;C:\Program Files (x86)\Common Files\Oracle\Java\javapath;C:\Windows\system32;C:\Windows;C:\Windows\System32\Wbem;C:\Windows\System32\WindowsPowerShell\v1.0\;C:\Windows\System32\OpenSSH\;C:\Program Files\Git\cmd;C:\Program Files\TortoiseGit\bin;C:\Program Files\PuTTY\;C:\Program Files\nodejs\;C:\Program Files\MySQL\MySQL Shell 8.0\bin\;., java.specification.name=Java Platform API Specification, java.class.version=52.0, org.gradle.native=false, sun.management.compiler=HotSpot 64-Bit Tiered Compilers, os.version=10.0, user.home=C:\Users\wfzzq, user.timezone=Asia/Shanghai, java.awt.printerjob=sun.awt.windows.WPrinterJob, file.encoding=GBK, java.specification.version=1.8, java.class.path=D:\github\mycoin\BlockChainService\build\classes\java\test;D:\github\mycoin\BlockChainService\build\resources\test;D:\github\mycoin\BlockChainService\build\classes\java\main;D:\github\mycoin\BlockChainService\build\resources\main;D:\Develop\gradle-5.5.1-bin\home\caches\modules-2\files-2.1\org.springframework.boot\spring-boot-starter-web\2.0.2.RELEASE\b6ef0cf4d0a7c6c7e93ff524b84cd1d8f87f67d9\spring-boot-starter-web-2.0.2.RELEASE.jar;D:\Develop\gradle-5.5.1-bin\home\caches\modules-2\files-2.1\org.aspectj\aspectjweaver\1.9.1\286d98dc6bed3021f76a241d593fd713515777dd\aspectjweaver-1.9.1.jar;D:\Develop\gradle-5.5.1-bin\home\caches\modules-2\files-2.1\org.springframework.boot\spring-boot-devtools\2.0.2.RELEASE\ed2b1c877b0c00ef7f961bd118e420a49de3c970\spring-boot-devtools-2.0.2.RELEASE.jar;D:\Develop\gradle-5.5.1-bin\home\caches\modules-2\files-2.1\mysql\mysql-connector-java\6.0.6\1d19b184dbc596008cc71c83596f051c3ec4097f\mysql-connector-java-6.0.6.jar;D:\Develop\gradle-5.5.1-bin\home\caches\modules-2\files-2.1\com.github.pagehelper\pagehelper-spring-boot-starter\1.2.5\df72543696cf33acf8bc4ec7bca38f591cc07e18\pagehelper-spring-boot-starter-1.2.5.jar;D:\Develop\gradle-5.5.1-bin\home\caches\modules-2\files-2.1\org.mybatis.spring.boot\mybatis-spring-boot-starter\1.3.2\cb6de087ae0d34b23ad0671aacdbcc433d84875f\mybatis-spring-boot-starter-1.3.2.jar;D:\Develop\gradle-5.5.1-bin\home\caches\modules-2\files-2.1\com.aliyun\aliyun-java-sdk-core\3.7.1\ed98144e05db2b994d2cfe32ac682e008c99d554\aliyun-java-sdk-core-3.7.1.jar;D:\Develop\gradle-5.5.1-bin\home\caches\modules-2\files-2.1\com.aliyun\aliyun-java-sdk-dysmsapi\1.1.0\83a1bff8ca2add2ecb48704816137ba93d0272b4\aliyun-java-sdk-dysmsapi-1.1.0.jar;D:\Develop\gradle-5.5.1-bin\home\caches\modules-2\files-2.1\org.springframework.boot\spring-boot-starter-test\2.0.2.RELEASE\d9e090412f318586e0f277e24740b79b58ef190b\spring-boot-starter-test-2.0.2.RELEASE.jar;C:\Users\wfzzq\.m2\repository\junit\junit\4.12\junit-4.12.jar;D:\Develop\gradle-5.5.1-bin\home\caches\modules-2\files-2.1\org.springframework.boot\spring-boot-starter-json\2.0.2.RELEASE\5edda979838ced5314b8f58a958fe9d6b4b3badd\spring-boot-starter-json-2.0.2.RELEASE.jar;D:\Develop\gradle-5.5.1-bin\home\caches\modules-2\files-2.1\org.springframework.boot\spring-boot-starter-jdbc\2.0.2.RELEASE\f93c2459a06061f889b837d1c2503055df024778\spring-boot-starter-jdbc-2.0.2.RELEASE.jar;D:\Develop\gradle-5.5.1-bin\home\caches\modules-2\files-2.1\org.springframework.boot\spring-boot-starter\2.0.2.RELEASE\1cda94f0dfcf2b065191782a54b84d2abf96391\spring-boot-starter-2.0.2.RELEASE.jar;D:\Develop\gradle-5.5.1-bin\home\caches\modules-2\files-2.1\org.springframework.boot\spring-boot-starter-tomcat\2.0.2.RELEASE\cedbfb18762e1c220007c768bfc5b773f5b30f8a\spring-boot-starter-tomcat-2.0.2.RELEASE.jar;D:\Develop\gradle-5.5.1-bin\home\caches\modules-2\files-2.1\org.hibernate.validator\hibernate-validator\6.0.9.Final\b149e4cce82379f11f6129eb3187ca8ae5404005\hibernate-validator-6.0.9.Final.jar;D:\Develop\gradle-5.5.1-bin\home\caches\modules-2\files-2.1\org.springframework\spring-webmvc\5.0.6.RELEASE\1361c5d1cf46665ee01de5dc1ca447c3be174c19\spring-webmvc-5.0.6.RELEASE.jar;D:\Develop\gradle-5.5.1-bin\home\caches\modules-2\files-2.1\org.springframework\spring-web\5.0.6.RELEASE\89e89de3025165998118590613aedc6df8d64af6\spring-web-5.0.6.RELEASE.jar;D:\Develop\gradle-5.5.1-bin\home\caches\modules-2\files-2.1\com.github.pagehelper\pagehelper-spring-boot-autoconfigure\1.2.5\968936e93dd369b8e85f5b4db79048f66f05cddf\pagehelper-spring-boot-autoconfigure-1.2.5.jar;D:\Develop\gradle-5.5.1-bin\home\caches\modules-2\files-2.1\org.mybatis.spring.boot\mybatis-spring-boot-autoconfigure\1.3.2\cada00d6bb4e7b8a733b3cd376ad69a307008685\mybatis-spring-boot-autoconfigure-1.3.2.jar;D:\Develop\gradle-5.5.1-bin\home\caches\modules-2\files-2.1\org.springframework.boot\spring-boot-test-autoconfigure\2.0.2.RELEASE\4993bdd96a4c02bc5b5703862d99ef4c563f25d0\spring-boot-test-autoconfigure-2.0.2.RELEASE.jar;D:\Develop\gradle-5.5.1-bin\home\caches\modules-2\files-2.1\org.springframework.boot\spring-boot-autoconfigure\2.0.2.RELEASE\f4b25e753e4955337a138d8b1550236b5efe5b3b\spring-boot-autoconfigure-2.0.2.RELEASE.jar;D:\Develop\gradle-5.5.1-bin\home\caches\modules-2\files-2.1\org.springframework.boot\spring-boot-test\2.0.2.RELEASE\fc85812e6543312a3b0ea9fbbdfd4a51183380a3\spring-boot-test-2.0.2.RELEASE.jar;D:\Develop\gradle-5.5.1-bin\home\caches\modules-2\files-2.1\org.springframework.boot\spring-boot\2.0.2.RELEASE\15012cf02e9f77938244e554f0598535fdd1cb38\spring-boot-2.0.2.RELEASE.jar;D:\Develop\gradle-5.5.1-bin\home\caches\modules-2\files-2.1\com.github.pagehelper\pagehelper\5.1.4\e58b01d0c58a202a3f38e6461585bea9eb4e4ebf\pagehelper-5.1.4.jar;D:\Develop\gradle-5.5.1-bin\home\caches\modules-2\files-2.1\org.mybatis\mybatis\3.4.6\a77a546f679533837f6c6a75c034b669f3ce6a2f\mybatis-3.4.6.jar;D:\Develop\gradle-5.5.1-bin\home\caches\modules-2\files-2.1\org.mybatis\mybatis-spring\1.3.2\fd9961cd026b1f6998be27c516973dd5366b14ec\mybatis-spring-1.3.2.jar;D:\Develop\gradle-5.5.1-bin\home\caches\modules-2\files-2.1\org.json\json\20170516\949abe1460757b8dc9902c562f83e49675444572\json-20170516.jar;D:\Develop\gradle-5.5.1-bin\home\caches\modules-2\files-2.1\org.hamcrest\hamcrest-library\1.3\4785a3c21320980282f9f33d0d1264a69040538f\hamcrest-library-1.3.jar;C:\Users\wfzzq\.m2\repository\org\hamcrest\hamcrest-core\1.3\hamcrest-core-1.3.jar;C:\Users\wfzzq\.m2\repository\com\jayway\jsonpath\json-path\2.4.0\json-path-2.4.0.jar;D:\Develop\gradle-5.5.1-bin\home\caches\modules-2\files-2.1\org.assertj\assertj-core\3.9.1\c5ce126b15f28d56cd8f960c1a6a058b9c9aea87\assertj-core-3.9.1.jar;D:\Develop\gradle-5.5.1-bin\home\caches\modules-2\files-2.1\org.mockito\mockito-core\2.15.0\b84bfbbc29cd22c9529409627af6ea2897f4fa85\mockito-core-2.15.0.jar;C:\Users\wfzzq\.m2\repository\org\skyscreamer\jsonassert\1.5.0\jsonassert-1.5.0.jar;D:\Develop\gradle-5.5.1-bin\home\caches\modules-2\files-2.1\org.springframework\spring-test\5.0.6.RELEASE\dbc99b288774b2e07d94bc14fe38d556bc3ed34a\spring-test-5.0.6.RELEASE.jar;D:\Develop\gradle-5.5.1-bin\home\caches\modules-2\files-2.1\org.springframework\spring-context\5.0.6.RELEASE\8b73b742ef0ddce04f0f1068f305de240b00ce0d\spring-context-5.0.6.RELEASE.jar;D:\Develop\gradle-5.5.1-bin\home\caches\modules-2\files-2.1\org.springframework\spring-aop\5.0.6.RELEASE\74078df698992054c1c1a8f705763a6c7b4b914c\spring-aop-5.0.6.RELEASE.jar;D:\Develop\gradle-5.5.1-bin\home\caches\modules-2\files-2.1\org.springframework\spring-jdbc\5.0.6.RELEASE\7d4de1ee9b042774e09ceb88393e5a564e342729\spring-jdbc-5.0.6.RELEASE.jar;D:\Develop\gradle-5.5.1-bin\home\caches\modules-2\files-2.1\org.springframework\spring-tx\5.0.6.RELEASE\1b6ffc44f2d59507a0fce1084fcc21788b13904\spring-tx-5.0.6.RELEASE.jar;D:\Develop\gradle-5.5.1-bin\home\caches\modules-2\files-2.1\org.springframework\spring-beans\5.0.6.RELEASE\d609b83cd8a71650a70778cf8d02c9a05b9161fe\spring-beans-5.0.6.RELEASE.jar;D:\Develop\gradle-5.5.1-bin\home\caches\modules-2\files-2.1\org.springframework\spring-expression\5.0.6.RELEASE\dec57ae5e6f0dfd4c6cfc199aa13ed268c3e1a65\spring-expression-5.0.6.RELEASE.jar;D:\Develop\gradle-5.5.1-bin\home\caches\modules-2\files-2.1\org.springframework\spring-core\5.0.6.RELEASE\984a52455b1be596b7f1a29f62d21d2f483eb764\spring-core-5.0.6.RELEASE.jar;D:\Develop\gradle-5.5.1-bin\home\caches\modules-2\files-2.1\org.xmlunit\xmlunit-core\2.5.1\4ffdb346572a7356f7521cd3119ce5287d2e339d\xmlunit-core-2.5.1.jar;D:\Develop\gradle-5.5.1-bin\home\caches\modules-2\files-2.1\org.springframework.boot\spring-boot-starter-logging\2.0.2.RELEASE\b56d7d1931792d6e58dbd41f956912359ba85238\spring-boot-starter-logging-2.0.2.RELEASE.jar;D:\Develop\gradle-5.5.1-bin\home\caches\modules-2\files-2.1\javax.annotation\javax.annotation-api\1.3.2\934c04d3cfef185a8008e7bf34331b79730a9d43\javax.annotation-api-1.3.2.jar;D:\Develop\gradle-5.5.1-bin\home\caches\modules-2\files-2.1\org.yaml\snakeyaml\1.19\2d998d3d674b172a588e54ab619854d073f555b5\snakeyaml-1.19.jar;D:\Develop\gradle-5.5.1-bin\home\caches\modules-2\files-2.1\com.fasterxml.jackson.datatype\jackson-datatype-jdk8\2.9.5\23e37f085279ba316c0df923513b81609e1d1f6\jackson-datatype-jdk8-2.9.5.jar;D:\Develop\gradle-5.5.1-bin\home\caches\modules-2\files-2.1\com.fasterxml.jackson.datatype\jackson-datatype-jsr310\2.9.5\d1f0d11e816bc04e222a261106ca138801841c2d\jackson-datatype-jsr310-2.9.5.jar;D:\Develop\gradle-5.5.1-bin\home\caches\modules-2\files-2.1\com.fasterxml.jackson.module\jackson-module-parameter-names\2.9.5\f824c60751ffb7bfc3a0d30dfe0e42317d8e67f5\jackson-module-parameter-names-2.9.5.jar;D:\Develop\gradle-5.5.1-bin\home\caches\modules-2\files-2.1\com.fasterxml.jackson.core\jackson-databind\2.9.5\3490508379d065fe3fcb80042b62f630f7588606\jackson-databind-2.9.5.jar;D:\Develop\gradle-5.5.1-bin\home\caches\modules-2\files-2.1\org.apache.tomcat.embed\tomcat-embed-websocket\8.5.31\6564e716b89de5eaa0dd234ae7989576503ddf3\tomcat-embed-websocket-8.5.31.jar;D:\Develop\gradle-5.5.1-bin\home\caches\modules-2\files-2.1\org.apache.tomcat.embed\tomcat-embed-core\8.5.31\f5adf7ed8c34aa005b22b6a2dc7b6796e10e9c79\tomcat-embed-core-8.5.31.jar;D:\Develop\gradle-5.5.1-bin\home\caches\modules-2\files-2.1\org.apache.tomcat.embed\tomcat-embed-el\8.5.31\3a536e1ac71b82627c3a7408eb38fa0704cb9034\tomcat-embed-el-8.5.31.jar;D:\Develop\gradle-5.5.1-bin\home\caches\modules-2\files-2.1\javax.validation\validation-api\2.0.1.Final\cb855558e6271b1b32e716d24cb85c7f583ce09e\validation-api-2.0.1.Final.jar;D:\Develop\gradle-5.5.1-bin\home\caches\modules-2\files-2.1\org.jboss.logging\jboss-logging\3.3.2.Final\3789d00e859632e6c6206adc0c71625559e6e3b0\jboss-logging-3.3.2.Final.jar;D:\Develop\gradle-5.5.1-bin\home\caches\modules-2\files-2.1\com.fasterxml\classmate\1.3.4\3d5f48f10bbe4eb7bd862f10c0583be2e0053c6\classmate-1.3.4.jar;D:\Develop\gradle-5.5.1-bin\home\caches\modules-2\files-2.1\com.github.jsqlparser\jsqlparser\1.0\63d49424a53ea8ca17a58e291694d5b4a60256ee\jsqlparser-1.0.jar;D:\Develop\gradle-5.5.1-bin\home\caches\modules-2\files-2.1\com.zaxxer\HikariCP\2.7.9\a83113d2c091d0d0f853dad3217bd7df3beb6ae3\HikariCP-2.7.9.jar;C:\Users\wfzzq\.m2\repository\net\minidev\json-smart\2.3\json-smart-2.3.jar;C:\Users\wfzzq\.m2\repository\ch\qos\logback\logback-classic\1.2.3\logback-classic-1.2.3.jar;D:\Develop\gradle-5.5.1-bin\home\caches\modules-2\files-2.1\org.apache.logging.log4j\log4j-to-slf4j\2.10.0\f7e631ccf49cfc0aefa4a2a728da7d374c05bd3c\log4j-to-slf4j-2.10.0.jar;D:\Develop\gradle-5.5.1-bin\home\caches\modules-2\files-2.1\org.slf4j\jul-to-slf4j\1.7.25\af5364cd6679bfffb114f0dec8a157aaa283b76\jul-to-slf4j-1.7.25.jar;D:\Develop\gradle-5.5.1-bin\home\caches\modules-2\files-2.1\org.slf4j\slf4j-api\1.7.25\da76ca59f6a57ee3102f8f9bd9cee742973efa8a\slf4j-api-1.7.25.jar;D:\Develop\gradle-5.5.1-bin\home\caches\modules-2\files-2.1\net.bytebuddy\byte-buddy\1.7.11\f02857a4e2c66ccbe7aaad6100a0a6c461bce9b3\byte-buddy-1.7.11.jar;D:\Develop\gradle-5.5.1-bin\home\caches\modules-2\files-2.1\net.bytebuddy\byte-buddy-agent\1.7.11\b425a8933ca07edd03c6dbc8bc3b595fba9780de\byte-buddy-agent-1.7.11.jar;C:\Users\wfzzq\.m2\repository\org\objenesis\objenesis\2.6\objenesis-2.6.jar;C:\Users\wfzzq\.m2\repository\com\vaadin\external\google\android-json\0.0.20131108.vaadin1\android-json-0.0.20131108.vaadin1.jar;D:\Develop\gradle-5.5.1-bin\home\caches\modules-2\files-2.1\org.springframework\spring-jcl\5.0.6.RELEASE\295ee4e8657e9c1fd327735c01d5fbce339cc44d\spring-jcl-5.0.6.RELEASE.jar;C:\Users\wfzzq\.m2\repository\com\fasterxml\jackson\core\jackson-annotations\2.9.0\jackson-annotations-2.9.0.jar;D:\Develop\gradle-5.5.1-bin\home\caches\modules-2\files-2.1\com.fasterxml.jackson.core\jackson-core\2.9.5\a22ac51016944b06fd9ffbc9541c6e7ce5eea117\jackson-core-2.9.5.jar;C:\Users\wfzzq\.m2\repository\net\minidev\accessors-smart\1.2\accessors-smart-1.2.jar;C:\Users\wfzzq\.m2\repository\ch\qos\logback\logback-core\1.2.3\logback-core-1.2.3.jar;D:\Develop\gradle-5.5.1-bin\home\caches\modules-2\files-2.1\org.apache.logging.log4j\log4j-api\2.10.0\fec5797a55b786184a537abd39c3fa1449d752d6\log4j-api-2.10.0.jar;C:\Users\wfzzq\.m2\repository\org\ow2\asm\asm\5.0.4\asm-5.0.4.jar, user.name=wfzzq, java.vm.specification.version=1.8, sun.java.command=worker.org.gradle.process.internal.worker.GradleWorkerMain 'Gradle Test Executor 1', java.home=D:\Develop\jdk8\jre, sun.arch.data.model=64, user.language=zh, java.specification.vendor=Oracle Corporation, awt.toolkit=sun.awt.windows.WToolkit, java.vm.info=mixed mode, java.version=1.8.0_221, java.ext.dirs=D:\Develop\jdk8\jre\lib\ext;C:\Windows\Sun\Java\lib\ext, sun.boot.class.path=D:\Develop\jdk8\jre\lib\resources.jar;D:\Develop\jdk8\jre\lib\rt.jar;D:\Develop\jdk8\jre\lib\sunrsasign.jar;D:\Develop\jdk8\jre\lib\jsse.jar;D:\Develop\jdk8\jre\lib\jce.jar;D:\Develop\jdk8\jre\lib\charsets.jar;D:\Develop\jdk8\jre\lib\jfr.jar;D:\Develop\jdk8\jre\classes, java.vendor=Oracle Corporation, org.gradle.test.worker=1, file.separator=\, java.vendor.url.bug=http://bugreport.sun.com/bugreport/, sun.io.unicode.encoding=UnicodeLittle, sun.cpu.endian=little, sun.desktop=windows, sun.cpu.isalist=amd64}}, SystemEnvironmentPropertySource@918847001 {name='systemEnvironment', properties={USERDOMAIN_ROAMINGPROFILE=DESKTOP-CQISV8A, LOCALAPPDATA=C:\Users\wfzzq\AppData\Local, PROCESSOR_LEVEL=6, USERDOMAIN=DESKTOP-CQISV8A, LOGONSERVER=\\DESKTOP-CQISV8A, SESSIONNAME=Console, ALLUSERSPROFILE=C:\ProgramData, PROCESSOR_ARCHITECTURE=AMD64, PSModulePath=C:\Program Files\WindowsPowerShell\Modules;C:\Windows\system32\WindowsPowerShell\v1.0\Modules, SystemDrive=C:, OneDrive=C:\Users\wfzzq\OneDrive, APPDATA=C:\Users\wfzzq\AppData\Roaming, USERNAME=wfzzq, ProgramFiles(x86)=C:\Program Files (x86), CommonProgramFiles=C:\Program Files\Common Files, Path=C:\Program Files (x86)\Common Files\Oracle\Java\javapath;C:\Windows\system32;C:\Windows;C:\Windows\System32\Wbem;C:\Windows\System32\WindowsPowerShell\v1.0\;C:\Windows\System32\OpenSSH\;C:\Program Files\Git\cmd;C:\Program Files\TortoiseGit\bin;C:\Program Files\PuTTY\;C:\Program Files\nodejs\;C:\Program Files\MySQL\MySQL Shell 8.0\bin\, PATHEXT=.COM;.EXE;.BAT;.CMD;.VBS;.VBE;.JS;.JSE;.WSF;.WSH;.MSC, PyCharm=D:\PyCharm 2019.1.3\bin;, DriverData=C:\Windows\System32\Drivers\DriverData, OS=Windows_NT, COMPUTERNAME=DESKTOP-CQISV8A, PROCESSOR_REVISION=8e0a, CommonProgramW6432=C:\Program Files\Common Files, ComSpec=C:\Windows\system32\cmd.exe, ProgramData=C:\ProgramData, ProgramW6432=C:\Program Files, HOMEPATH=\Users\wfzzq, SystemRoot=C:\Windows, TEMP=C:\Users\wfzzq\AppData\Local\Temp, HOMEDRIVE=C:, PROCESSOR_IDENTIFIER=Intel64 Family 6 Model 142 Stepping 10, GenuineIntel, USERPROFILE=C:\Users\wfzzq, TMP=C:\Users\wfzzq\AppData\Local\Temp, CommonProgramFiles(x86)=C:\Program Files (x86)\Common Files, ProgramFiles=C:\Program Files, PUBLIC=C:\Users\Public, NUMBER_OF_PROCESSORS=8, windir=C:\Windows, =::=::\}}]
20:43:26.210 [Test worker] DEBUG org.springframework.test.context.support.TestPropertySourceUtils - Adding inlined properties to environment: {spring.jmx.enabled=false, org.springframework.boot.test.context.SpringBootTestContextBootstrapper=true, server.port=-1}
20:43:26.210 [Test worker] DEBUG org.springframework.core.env.StandardEnvironment - Adding PropertySource 'Inlined Test Properties' with highest search precedence

  .   ____          _            __ _ _
 /\\ / ___'_ __ _ _(_)_ __  __ _ \ \ \ \
( ( )\___ | '_ | '_| | '_ \/ _` | \ \ \ \
 \\/  ___)| |_)| | | | | || (_| |  ) ) ) )
  '  |____| .__|_| |_|_| |_\__, | / / / /
 =========|_|==============|___/=/_/_/_/
 :: Spring Boot ::        (v2.0.2.RELEASE)

20:43:26.533 [Test worker] WARN o.s.b.t.j.DuplicateJsonObjectContextCustomizerFactory$DuplicateJsonObjectContextCustomizer
	

Found multiple occurrences of org.json.JSONObject on the class path:

	jar:file:/D:/Develop/gradle-5.5.1-bin/home/caches/modules-2/files-2.1/org.json/json/20170516/949abe1460757b8dc9902c562f83e49675444572/json-20170516.jar!/org/json/JSONObject.class
	jar:file:/C:/Users/wfzzq/.m2/repository/com/vaadin/external/google/android-json/0.0.20131108.vaadin1/android-json-0.0.20131108.vaadin1.jar!/org/json/JSONObject.class

You may wish to exclude one of them to ensure predictable runtime behavior

20:43:26.546 [Test worker] INFO t.top.blockchain.TestIndexController
	Starting TestIndexController on DESKTOP-CQISV8A with PID 960 (started by wfzzq in D:\github\mycoin\BlockChainService)
20:43:26.548 [Test worker] INFO t.top.blockchain.TestIndexController
	No active profile set, falling back to default profiles: default
20:43:26.571 [Test worker] INFO o.s.w.c.s.GenericWebApplicationContext
	Refreshing org.springframework.web.context.support.GenericWebApplicationContext@1d77488b: startup date [Thu Aug 01 20:43:26 CST 2019]; root of context hierarchy
20:43:28.885 [Test worker] INFO o.s.w.s.h.SimpleUrlHandlerMapping
	Mapped URL path [/**/favicon.ico] onto handler of type [class org.springframework.web.servlet.resource.ResourceHttpRequestHandler]
20:43:29.098 [Test worker] INFO o.s.w.s.m.m.a.RequestMappingHandlerAdapter
	Looking for @ControllerAdvice: org.springframework.web.context.support.GenericWebApplicationContext@1d77488b: startup date [Thu Aug 01 20:43:26 CST 2019]; root of context hierarchy
20:43:29.181 [Test worker] INFO o.s.w.s.m.m.a.RequestMappingHandlerMapping
	Mapped "{[/]}" onto public top.blockchain.util.JsonMessage top.blockchain.controller.IndexController.index(top.blockchain.model.IndexModel) throws java.lang.Exception
20:43:29.184 [Test worker] INFO o.s.w.s.m.m.a.RequestMappingHandlerMapping
	Mapped "{[/manage/admin/add]}" onto public top.blockchain.util.JsonMessage top.blockchain.controller.manage.AdminController.add(top.blockchain.model.admin.AdminModel) throws java.lang.Exception
20:43:29.184 [Test worker] INFO o.s.w.s.m.m.a.RequestMappingHandlerMapping
	Mapped "{[/manage/admin/delete]}" onto public top.blockchain.util.JsonMessage top.blockchain.controller.manage.AdminController.delete(top.blockchain.model.admin.AdminModel) throws java.lang.Exception
20:43:29.185 [Test worker] INFO o.s.w.s.m.m.a.RequestMappingHandlerMapping
	Mapped "{[/manage/admin/query]}" onto public top.blockchain.util.JsonMessage top.blockchain.controller.manage.AdminController.query(top.blockchain.model.admin.AdminModel) throws java.lang.Exception
20:43:29.185 [Test worker] INFO o.s.w.s.m.m.a.RequestMappingHandlerMapping
	Mapped "{[/manage/admin/login]}" onto public top.blockchain.util.JsonMessage top.blockchain.controller.manage.AdminController.login(top.blockchain.model.admin.AdminModel) throws java.lang.Exception
20:43:29.186 [Test worker] INFO o.s.w.s.m.m.a.RequestMappingHandlerMapping
	Mapped "{[/manage/admin/logout]}" onto public top.blockchain.util.JsonMessage top.blockchain.controller.manage.AdminController.logout(top.blockchain.model.admin.AdminModel) throws java.lang.Exception
20:43:29.186 [Test worker] INFO o.s.w.s.m.m.a.RequestMappingHandlerMapping
	Mapped "{[/manage/admin/modify]}" onto public top.blockchain.util.JsonMessage top.blockchain.controller.manage.AdminController.modify(top.blockchain.model.admin.AdminModel) throws java.lang.Exception
20:43:29.187 [Test worker] INFO o.s.w.s.m.m.a.RequestMappingHandlerMapping
	Mapped "{[/manage/balanceRecord/cancel]}" onto public top.blockchain.util.JsonMessage top.blockchain.controller.manage.ManageBalanceRecordController.cancel(top.blockchain.model.admin.BalanceRecordModel) throws java.lang.Exception
20:43:29.188 [Test worker] INFO o.s.w.s.m.m.a.RequestMappingHandlerMapping
	Mapped "{[/manage/balanceRecord/queryBalanceRecord]}" onto public top.blockchain.util.JsonMessage top.blockchain.controller.manage.ManageBalanceRecordController.queryBalanceRecord(top.blockchain.model.admin.BalanceRecordModel) throws java.lang.Exception
20:43:29.189 [Test worker] INFO o.s.w.s.m.m.a.RequestMappingHandlerMapping
	Mapped "{[/manage/config/modifySiteConfig]}" onto public top.blockchain.util.JsonMessage top.blockchain.controller.manage.ManageConfigController.modifySiteConfig(top.blockchain.model.admin.ManageConfigModel) throws java.lang.Exception
20:43:29.190 [Test worker] INFO o.s.w.s.m.m.a.RequestMappingHandlerMapping
	Mapped "{[/manage/config/modifyPhoneCheck]}" onto public top.blockchain.util.JsonMessage top.blockchain.controller.manage.ManageConfigController.modifyPhoneCheck(top.blockchain.model.admin.ManageConfigModel) throws java.lang.Exception
20:43:29.190 [Test worker] INFO o.s.w.s.m.m.a.RequestMappingHandlerMapping
	Mapped "{[/manage/config/modifySms]}" onto public top.blockchain.util.JsonMessage top.blockchain.controller.manage.ManageConfigController.modifySms(top.blockchain.model.admin.ManageConfigModel) throws java.lang.Exception
20:43:29.191 [Test worker] INFO o.s.w.s.m.m.a.RequestMappingHandlerMapping
	Mapped "{[/manage/config/loadConfig]}" onto public top.blockchain.util.JsonMessage top.blockchain.controller.manage.ManageConfigController.loadConfig(top.blockchain.model.admin.ManageConfigModel) throws java.lang.Exception
20:43:29.191 [Test worker] INFO o.s.w.s.m.m.a.RequestMappingHandlerMapping
	Mapped "{[/manage/paybalanceupdate/query]}" onto public top.blockchain.util.JsonMessage top.blockchain.controller.manage.ManagePayBalanceUpdateController.query(top.blockchain.model.admin.PayBalanceUpdateModel) throws java.lang.Exception
20:43:29.194 [Test worker] INFO o.s.w.s.m.m.a.RequestMappingHandlerMapping
	Mapped "{[/manage/siteNotice/update]}" onto public top.blockchain.util.JsonMessage top.blockchain.controller.manage.ManageSiteNoticeController.update(top.blockchain.model.admin.SiteNoticeModel) throws java.lang.Exception
20:43:29.195 [Test worker] INFO o.s.w.s.m.m.a.RequestMappingHandlerMapping
	Mapped "{[/manage/siteNotice/save]}" onto public top.blockchain.util.JsonMessage top.blockchain.controller.manage.ManageSiteNoticeController.save(top.blockchain.model.admin.SiteNoticeModel) throws java.lang.Exception
20:43:29.195 [Test worker] INFO o.s.w.s.m.m.a.RequestMappingHandlerMapping
	Mapped "{[/manage/siteNotice/queryAll]}" onto public top.blockchain.util.JsonMessage top.blockchain.controller.manage.ManageSiteNoticeController.queryAll(top.blockchain.model.admin.SiteNoticeModel) throws java.lang.Exception
20:43:29.196 [Test worker] INFO o.s.w.s.m.m.a.RequestMappingHandlerMapping
	Mapped "{[/manage/userbalancerecord/queryAll]}" onto public top.blockchain.util.JsonMessage top.blockchain.controller.manage.ManageUserBalanceRecordController.queryAll(top.blockchain.model.admin.ManageUserBalanceRecordModel) throws java.lang.Exception
20:43:29.197 [Test worker] INFO o.s.w.s.m.m.a.RequestMappingHandlerMapping
	Mapped "{[/manage/user/delete]}" onto public top.blockchain.util.JsonMessage top.blockchain.controller.manage.ManageUserController.delete(top.blockchain.model.admin.ManageUserModel) throws java.lang.Exception
20:43:29.197 [Test worker] INFO o.s.w.s.m.m.a.RequestMappingHandlerMapping
	Mapped "{[/manage/user/updatePassword]}" onto public top.blockchain.util.JsonMessage top.blockchain.controller.manage.ManageUserController.updatePassword(top.blockchain.model.admin.AdminModel) throws java.lang.Exception
20:43:29.198 [Test worker] INFO o.s.w.s.m.m.a.RequestMappingHandlerMapping
	Mapped "{[/manage/user/queryAll]}" onto public top.blockchain.util.JsonMessage top.blockchain.controller.manage.ManageUserController.queryAll(top.blockchain.model.admin.ManageUserModel) throws java.lang.Exception
20:43:29.199 [Test worker] INFO o.s.w.s.m.m.a.RequestMappingHandlerMapping
	Mapped "{[/manage/user/undelete]}" onto public top.blockchain.util.JsonMessage top.blockchain.controller.manage.ManageUserController.undelete(top.blockchain.model.admin.ManageUserModel) throws java.lang.Exception
20:43:29.199 [Test worker] INFO o.s.w.s.m.m.a.RequestMappingHandlerMapping
	Mapped "{[/manage/paybalancerecord/addPayBalanceRecord]}" onto public top.blockchain.util.JsonMessage top.blockchain.controller.manage.PayBalanceRecordController.addPayBalanceRecord(top.blockchain.model.admin.PayBalanceRecordModel) throws java.lang.Exception
20:43:29.212 [Test worker] INFO o.s.w.s.m.m.a.RequestMappingHandlerMapping
	Mapped "{[/util/getConfig]}" onto public top.blockchain.util.JsonMessage top.blockchain.controller.other.UtilController.getConfig(top.blockchain.model.user.UserUtilModel) throws java.lang.Exception
20:43:29.212 [Test worker] INFO o.s.w.s.m.m.a.RequestMappingHandlerMapping
	Mapped "{[/util/sendPhoneCode]}" onto public top.blockchain.util.JsonMessage top.blockchain.controller.other.UtilController.sendPhoneCode(top.blockchain.model.other.PhoneCodeModel) throws java.lang.Exception
20:43:29.213 [Test worker] INFO o.s.w.s.m.m.a.RequestMappingHandlerMapping
	Mapped "{[/util/validate.jpg]}" onto public void top.blockchain.controller.other.UtilController.imageCode(top.blockchain.model.user.UserUtilModel,javax.servlet.http.HttpServletResponse) throws java.lang.Exception
20:43:29.214 [Test worker] INFO o.s.w.s.m.m.a.RequestMappingHandlerMapping
	Mapped "{[/temp/test]}" onto public top.blockchain.util.JsonMessage top.blockchain.controller.temp.TestController.index(top.blockchain.model.temp.TestModel)
20:43:29.214 [Test worker] INFO o.s.w.s.m.m.a.RequestMappingHandlerMapping
	Mapped "{[/temp/test/addSmsConfig]}" onto public top.blockchain.util.JsonMessage top.blockchain.controller.temp.TestController.addSmsConfig(top.blockchain.model.temp.TestModel) throws java.lang.Exception
20:43:29.214 [Test worker] INFO o.s.w.s.m.m.a.RequestMappingHandlerMapping
	Mapped "{[/temp/test/loadSmsConfig]}" onto public top.blockchain.util.JsonMessage top.blockchain.controller.temp.TestController.loadSmsConfig(top.blockchain.model.temp.TestModel) throws java.lang.Exception
20:43:29.215 [Test worker] INFO o.s.w.s.m.m.a.RequestMappingHandlerMapping
	Mapped "{[/temp/login/test]}" onto public top.blockchain.util.JsonMessage top.blockchain.controller.temp.TestLoginController.test(top.blockchain.model.temp.TestLoginModel) throws java.lang.Exception
20:43:29.217 [Test worker] INFO o.s.w.s.m.m.a.RequestMappingHandlerMapping
	Mapped "{[/userBalanceRecord/finish]}" onto public top.blockchain.util.JsonMessage top.blockchain.controller.user.UserBalanceRecordController.finish(top.blockchain.model.user.UserBalanceRecordModel) throws java.lang.Exception
20:43:29.217 [Test worker] INFO o.s.w.s.m.m.a.RequestMappingHandlerMapping
	Mapped "{[/userBalanceRecord/cancel]}" onto public top.blockchain.util.JsonMessage top.blockchain.controller.user.UserBalanceRecordController.cancel(top.blockchain.model.user.UserBalanceRecordModel) throws java.lang.Exception
20:43:29.217 [Test worker] INFO o.s.w.s.m.m.a.RequestMappingHandlerMapping
	Mapped "{[/userBalanceRecord/addBuyBalanceRecord]}" onto public top.blockchain.util.JsonMessage top.blockchain.controller.user.UserBalanceRecordController.addBuyBalanceRecord(top.blockchain.model.user.UserBalanceRecordModel) throws java.lang.Exception
20:43:29.218 [Test worker] INFO o.s.w.s.m.m.a.RequestMappingHandlerMapping
	Mapped "{[/userBalanceRecord/recast]}" onto public top.blockchain.util.JsonMessage top.blockchain.controller.user.UserBalanceRecordController.ReadOnlyClassToSerializerMap(top.blockchain.model.user.UserBalanceRecordModel) throws java.lang.Exception
20:43:29.218 [Test worker] INFO o.s.w.s.m.m.a.RequestMappingHandlerMapping
	Mapped "{[/userBalanceRecord/queryUserNowOrder]}" onto public top.blockchain.util.JsonMessage top.blockchain.controller.user.UserBalanceRecordController.queryUserNowOrder(top.blockchain.model.user.UserBalanceRecordModel) throws java.lang.Exception
20:43:29.218 [Test worker] INFO o.s.w.s.m.m.a.RequestMappingHandlerMapping
	Mapped "{[/userBalanceRecord/pay]}" onto public top.blockchain.util.JsonMessage top.blockchain.controller.user.UserBalanceRecordController.pay(top.blockchain.model.user.UserBalanceRecordModel) throws java.lang.Exception
20:43:29.219 [Test worker] INFO o.s.w.s.m.m.a.RequestMappingHandlerMapping
	Mapped "{[/userBalanceRecord/queryUserOrders]}" onto public top.blockchain.util.JsonMessage top.blockchain.controller.user.UserBalanceRecordController.queryUserOrders(top.blockchain.model.user.UserBalanceRecordModel) throws java.lang.Exception
20:43:29.219 [Test worker] INFO o.s.w.s.m.m.a.RequestMappingHandlerMapping
	Mapped "{[/userBalanceRecord/sendToUser]}" onto public top.blockchain.util.JsonMessage top.blockchain.controller.user.UserBalanceRecordController.sendToUser(top.blockchain.model.user.UserBalanceRecordModel) throws java.lang.Exception
20:43:29.219 [Test worker] INFO o.s.w.s.m.m.a.RequestMappingHandlerMapping
	Mapped "{[/userBalanceRecord/addBalanceRecord]}" onto public top.blockchain.util.JsonMessage top.blockchain.controller.user.UserBalanceRecordController.addBalanceRecord(top.blockchain.model.user.UserBalanceRecordModel) throws java.lang.Exception
20:43:29.219 [Test worker] INFO o.s.w.s.m.m.a.RequestMappingHandlerMapping
	Mapped "{[/userBalanceRecord/sell]}" onto public top.blockchain.util.JsonMessage top.blockchain.controller.user.UserBalanceRecordController.sell(top.blockchain.model.user.UserBalanceRecordModel) throws java.lang.Exception
20:43:29.220 [Test worker] INFO o.s.w.s.m.m.a.RequestMappingHandlerMapping
	Mapped "{[/userBalanceRecord/queryBuys]}" onto public top.blockchain.util.JsonMessage top.blockchain.controller.user.UserBalanceRecordController.queryBuys(top.blockchain.model.user.UserBalanceRecordModel) throws java.lang.Exception
20:43:29.221 [Test worker] INFO o.s.w.s.m.m.a.RequestMappingHandlerMapping
	Mapped "{[/user/add]}" onto public top.blockchain.util.JsonMessage top.blockchain.controller.user.UserController.add(top.blockchain.model.user.UserModel) throws java.lang.Exception
20:43:29.221 [Test worker] INFO o.s.w.s.m.m.a.RequestMappingHandlerMapping
	Mapped "{[/user/login]}" onto public top.blockchain.util.JsonMessage top.blockchain.controller.user.UserController.login(top.blockchain.model.user.UserModel) throws java.lang.Exception
20:43:29.222 [Test worker] INFO o.s.w.s.m.m.a.RequestMappingHandlerMapping
	Mapped "{[/user/logout]}" onto public top.blockchain.util.JsonMessage top.blockchain.controller.user.UserController.logout(top.blockchain.model.user.UserModel) throws java.lang.Exception
20:43:29.222 [Test worker] INFO o.s.w.s.m.m.a.RequestMappingHandlerMapping
	Mapped "{[/user/foundPassword]}" onto public top.blockchain.util.JsonMessage top.blockchain.controller.user.UserController.foundPassword(top.blockchain.model.user.UserModel) throws java.lang.Exception
20:43:29.222 [Test worker] INFO o.s.w.s.m.m.a.RequestMappingHandlerMapping
	Mapped "{[/user/queryTeam]}" onto public top.blockchain.util.JsonMessage top.blockchain.controller.user.UserController.queryTeam(top.blockchain.model.user.UserModel) throws java.lang.Exception
20:43:29.224 [Test worker] INFO o.s.w.s.m.m.a.RequestMappingHandlerMapping
	Mapped "{[/user/queryBalanceRecord]}" onto public top.blockchain.util.JsonMessage top.blockchain.controller.user.UserInfoController.queryBalanceRecord(top.blockchain.model.UserInfoModel) throws java.lang.Exception
20:43:29.225 [Test worker] INFO o.s.w.s.m.m.a.RequestMappingHandlerMapping
	Mapped "{[/user/queryUserInfoByKey]}" onto public top.blockchain.util.JsonMessage top.blockchain.controller.user.UserInfoController.queryUserInfoByKey(top.blockchain.model.UserInfoModel) throws java.lang.Exception
20:43:29.225 [Test worker] INFO o.s.w.s.m.m.a.RequestMappingHandlerMapping
	Mapped "{[/user/modifyPassword]}" onto public top.blockchain.util.JsonMessage top.blockchain.controller.user.UserInfoController.modifyPassword(top.blockchain.model.user.UserModel) throws java.lang.Exception
20:43:29.226 [Test worker] INFO o.s.w.s.m.m.a.RequestMappingHandlerMapping
	Mapped "{[/user/modifyPaypwd]}" onto public top.blockchain.util.JsonMessage top.blockchain.controller.user.UserInfoController.modifyPaypwd(top.blockchain.model.user.UserModel) throws java.lang.Exception
20:43:29.226 [Test worker] INFO o.s.w.s.m.m.a.RequestMappingHandlerMapping
	Mapped "{[/user/modifyWechat]}" onto public top.blockchain.util.JsonMessage top.blockchain.controller.user.UserInfoController.modifyWechat(top.blockchain.model.UserInfoModel) throws java.lang.Exception
20:43:29.226 [Test worker] INFO o.s.w.s.m.m.a.RequestMappingHandlerMapping
	Mapped "{[/user/modifyAlipay]}" onto public top.blockchain.util.JsonMessage top.blockchain.controller.user.UserInfoController.modifyAlipay(top.blockchain.model.UserInfoModel) throws java.lang.Exception
20:43:29.227 [Test worker] INFO o.s.w.s.m.m.a.RequestMappingHandlerMapping
	Mapped "{[/user/vip]}" onto public top.blockchain.util.JsonMessage top.blockchain.controller.user.UserInfoController.vip(top.blockchain.model.UserInfoModel) throws java.lang.Exception
20:43:29.227 [Test worker] INFO o.s.w.s.m.m.a.RequestMappingHandlerMapping
	Mapped "{[/user/modifyNickName]}" onto public top.blockchain.util.JsonMessage top.blockchain.controller.user.UserInfoController.modifyNickName(top.blockchain.model.UserInfoModel) throws java.lang.Exception
20:43:29.227 [Test worker] INFO o.s.w.s.m.m.a.RequestMappingHandlerMapping
	Mapped "{[/user/siteNotice/queryAll]}" onto public top.blockchain.util.JsonMessage top.blockchain.controller.user.UserSiteNoticeController.queryAll(top.blockchain.model.user.UserSiteNoticeModel) throws java.lang.Exception
20:43:29.228 [Test worker] INFO o.s.w.s.m.m.a.RequestMappingHandlerMapping
	Mapped "{[/user/util/phoneCheck]}" onto public top.blockchain.util.JsonMessage top.blockchain.controller.user.UserUtilController.phoneCheck(top.blockchain.model.user.UserUtilModel) throws java.lang.Exception
20:43:29.230 [Test worker] INFO o.s.w.s.m.m.a.RequestMappingHandlerMapping
	Mapped "{[/error]}" onto public org.springframework.http.ResponseEntity<java.util.Map<java.lang.String, java.lang.Object>> org.springframework.boot.autoconfigure.web.servlet.error.BasicErrorController.error(javax.servlet.http.HttpServletRequest)
20:43:29.231 [Test worker] INFO o.s.w.s.m.m.a.RequestMappingHandlerMapping
	Mapped "{[/error],produces=[text/html]}" onto public org.springframework.web.servlet.ModelAndView org.springframework.boot.autoconfigure.web.servlet.error.BasicErrorController.errorHtml(javax.servlet.http.HttpServletRequest,javax.servlet.http.HttpServletResponse)
20:43:29.284 [Test worker] INFO o.s.w.s.m.m.a.ExceptionHandlerExceptionResolver
	Detected @ExceptionHandler methods in myExceptionHandler
20:43:29.632 [Test worker] INFO o.s.b.t.m.w.SpringBootMockServletContext
	Initializing Spring FrameworkServlet ''
20:43:29.632 [Test worker] INFO o.s.t.w.s.TestDispatcherServlet
	FrameworkServlet '': initialization started
20:43:29.650 [Test worker] INFO o.s.t.w.s.TestDispatcherServlet
	FrameworkServlet '': initialization completed in 18 ms
20:43:29.693 [Test worker] INFO o.s.s.a.ScheduledAnnotationBeanPostProcessor
	No TaskScheduler/ScheduledExecutorService bean found for scheduled processing
20:43:29.706 [Test worker] INFO t.top.blockchain.TestIndexController
	Started TestIndexController in 3.489 seconds (JVM running for 4.403)
20:43:29.730 [pool-1-thread-1] INFO com.zaxxer.hikari.HikariDataSource
	HikariPool-1 - Starting...
20:43:31.671 [pool-1-thread-1] ERRORcom.zaxxer.hikari.pool.HikariPool
	HikariPool-1 - Exception during pool initialization.
com.mysql.cj.jdbc.exceptions.CommunicationsException: Communications link failure

The last packet sent successfully to the server was 0 milliseconds ago. The driver has not received any packets from the server.
	at com.mysql.cj.jdbc.exceptions.SQLError.createCommunicationsException(SQLError.java:590)
	at com.mysql.cj.jdbc.exceptions.SQLExceptionsMapping.translateException(SQLExceptionsMapping.java:57)
	at com.mysql.cj.jdbc.ConnectionImpl.createNewIO(ConnectionImpl.java:1606)
	at com.mysql.cj.jdbc.ConnectionImpl.<init>(ConnectionImpl.java:633)
	at com.mysql.cj.jdbc.ConnectionImpl.getInstance(ConnectionImpl.java:347)
	at com.mysql.cj.jdbc.NonRegisteringDriver.connect(NonRegisteringDriver.java:219)
	at com.zaxxer.hikari.util.DriverDataSource.getConnection(DriverDataSource.java:117)
	at com.zaxxer.hikari.util.DriverDataSource.getConnection(DriverDataSource.java:123)
	at com.zaxxer.hikari.pool.PoolBase.newConnection(PoolBase.java:365)
	at com.zaxxer.hikari.pool.PoolBase.newPoolEntry(PoolBase.java:194)
	at com.zaxxer.hikari.pool.HikariPool.createPoolEntry(HikariPool.java:460)
	at com.zaxxer.hikari.pool.HikariPool.checkFailFast(HikariPool.java:534)
	at com.zaxxer.hikari.pool.HikariPool.<init>(HikariPool.java:115)
	at com.zaxxer.hikari.HikariDataSource.getConnection(HikariDataSource.java:112)
	at org.springframework.jdbc.datasource.DataSourceUtils.fetchConnection(DataSourceUtils.java:151)
	at org.springframework.jdbc.datasource.DataSourceUtils.doGetConnection(DataSourceUtils.java:115)
	at org.springframework.jdbc.datasource.DataSourceUtils.getConnection(DataSourceUtils.java:78)
	at org.mybatis.spring.transaction.SpringManagedTransaction.openConnection(SpringManagedTransaction.java:82)
	at org.mybatis.spring.transaction.SpringManagedTransaction.getConnection(SpringManagedTransaction.java:68)
	at org.apache.ibatis.executor.BaseExecutor.getConnection(BaseExecutor.java:338)
	at org.apache.ibatis.executor.SimpleExecutor.prepareStatement(SimpleExecutor.java:84)
	at org.apache.ibatis.executor.SimpleExecutor.doQuery(SimpleExecutor.java:62)
	at org.apache.ibatis.executor.BaseExecutor.queryFromDatabase(BaseExecutor.java:326)
	at org.apache.ibatis.executor.BaseExecutor.query(BaseExecutor.java:156)
	at org.apache.ibatis.executor.CachingExecutor.query(CachingExecutor.java:109)
	at com.github.pagehelper.PageInterceptor.intercept(PageInterceptor.java:143)
	at org.apache.ibatis.plugin.Plugin.invoke(Plugin.java:61)
	at com.sun.proxy.$Proxy126.query(Unknown Source)
	at org.apache.ibatis.session.defaults.DefaultSqlSession.selectList(DefaultSqlSession.java:148)
	at org.apache.ibatis.session.defaults.DefaultSqlSession.selectList(DefaultSqlSession.java:141)
	at org.apache.ibatis.session.defaults.DefaultSqlSession.selectOne(DefaultSqlSession.java:77)
	at sun.reflect.NativeMethodAccessorImpl.invoke0(Native Method)
	at sun.reflect.NativeMethodAccessorImpl.invoke(NativeMethodAccessorImpl.java:62)
	at sun.reflect.DelegatingMethodAccessorImpl.invoke(DelegatingMethodAccessorImpl.java:43)
	at java.lang.reflect.Method.invoke(Method.java:498)
	at org.mybatis.spring.SqlSessionTemplate$SqlSessionInterceptor.invoke(SqlSessionTemplate.java:433)
	at com.sun.proxy.$Proxy99.selectOne(Unknown Source)
	at org.mybatis.spring.SqlSessionTemplate.selectOne(SqlSessionTemplate.java:166)
	at org.apache.ibatis.binding.MapperMethod.execute(MapperMethod.java:83)
	at org.apache.ibatis.binding.MapperProxy.invoke(MapperProxy.java:59)
	at com.sun.proxy.$Proxy102.queryNow(Unknown Source)
	at top.blockchain.service.impl.SchedulingServiceImpl.showTime(SchedulingServiceImpl.java:63)
	at sun.reflect.NativeMethodAccessorImpl.invoke0(Native Method)
	at sun.reflect.NativeMethodAccessorImpl.invoke(NativeMethodAccessorImpl.java:62)
	at sun.reflect.DelegatingMethodAccessorImpl.invoke(DelegatingMethodAccessorImpl.java:43)
	at java.lang.reflect.Method.invoke(Method.java:498)
	at org.springframework.scheduling.support.ScheduledMethodRunnable.run(ScheduledMethodRunnable.java:65)
	at org.springframework.scheduling.support.DelegatingErrorHandlingRunnable.run(DelegatingErrorHandlingRunnable.java:54)
	at java.util.concurrent.Executors$RunnableAdapter.call(Executors.java:511)
	at java.util.concurrent.FutureTask.runAndReset(FutureTask.java:308)
	at java.util.concurrent.ScheduledThreadPoolExecutor$ScheduledFutureTask.access$301(ScheduledThreadPoolExecutor.java:180)
	at java.util.concurrent.ScheduledThreadPoolExecutor$ScheduledFutureTask.run(ScheduledThreadPoolExecutor.java:294)
	at java.util.concurrent.ThreadPoolExecutor.runWorker(ThreadPoolExecutor.java:1149)
	at java.util.concurrent.ThreadPoolExecutor$Worker.run(ThreadPoolExecutor.java:624)
	at java.lang.Thread.run(Thread.java:748)
Caused by: com.mysql.cj.core.exceptions.CJCommunicationsException: Communications link failure

The last packet sent successfully to the server was 0 milliseconds ago. The driver has not received any packets from the server.
	at sun.reflect.NativeConstructorAccessorImpl.newInstance0(Native Method)
	at sun.reflect.NativeConstructorAccessorImpl.newInstance(NativeConstructorAccessorImpl.java:62)
	at sun.reflect.DelegatingConstructorAccessorImpl.newInstance(DelegatingConstructorAccessorImpl.java:45)
	at java.lang.reflect.Constructor.newInstance(Constructor.java:423)
	at com.mysql.cj.core.exceptions.ExceptionFactory.createException(ExceptionFactory.java:54)
	at com.mysql.cj.core.exceptions.ExceptionFactory.createException(ExceptionFactory.java:93)
	at com.mysql.cj.core.exceptions.ExceptionFactory.createException(ExceptionFactory.java:133)
	at com.mysql.cj.core.exceptions.ExceptionFactory.createCommunicationsException(ExceptionFactory.java:149)
	at com.mysql.cj.mysqla.io.MysqlaSocketConnection.connect(MysqlaSocketConnection.java:83)
	at com.mysql.cj.mysqla.MysqlaSession.connect(MysqlaSession.java:122)
	at com.mysql.cj.jdbc.ConnectionImpl.connectOneTryOnly(ConnectionImpl.java:1726)
	at com.mysql.cj.jdbc.ConnectionImpl.createNewIO(ConnectionImpl.java:1596)
	... 52 common frames omitted
Caused by: java.net.UnknownHostException: ?????·????÷
	at java.net.Inet6AddressImpl.lookupAllHostAddr(Native Method)
	at java.net.InetAddress$2.lookupAllHostAddr(InetAddress.java:929)
	at java.net.InetAddress.getAddressesFromNameService(InetAddress.java:1324)
	at java.net.InetAddress.getAllByName0(InetAddress.java:1277)
	at java.net.InetAddress.getAllByName(InetAddress.java:1193)
	at java.net.InetAddress.getAllByName(InetAddress.java:1127)
	at com.mysql.cj.core.io.StandardSocketFactory.connect(StandardSocketFactory.java:179)
	at com.mysql.cj.mysqla.io.MysqlaSocketConnection.connect(MysqlaSocketConnection.java:57)
	... 55 common frames omitted
20:43:31.674 [Test worker] INFO com.zaxxer.hikari.HikariDataSource
	HikariPool-1 - Starting...
20:43:31.675 [pool-1-thread-1] ERRORt.b.s.impl.SchedulingServiceImpl
	nested exception is org.apache.ibatis.exceptions.PersistenceException: 
### Error querying database.  Cause: org.springframework.jdbc.CannotGetJdbcConnectionException: Failed to obtain JDBC Connection; nested exception is com.mysql.cj.jdbc.exceptions.CommunicationsException: Communications link failure

The last packet sent successfully to the server was 0 milliseconds ago. The driver has not received any packets from the server.
### The error may exist in top/blockchain/mapper/TbConfigMapper.xml
### The error may involve top.blockchain.dao.TbConfigDAO.queryNow
### The error occurred while executing a query
### Cause: org.springframework.jdbc.CannotGetJdbcConnectionException: Failed to obtain JDBC Connection; nested exception is com.mysql.cj.jdbc.exceptions.CommunicationsException: Communications link failure

The last packet sent successfully to the server was 0 milliseconds ago. The driver has not received any packets from the server.
20:43:32.684 [Test worker] ERRORcom.zaxxer.hikari.pool.HikariPool
	HikariPool-1 - Exception during pool initialization.
com.mysql.cj.jdbc.exceptions.CommunicationsException: Communications link failure

The last packet sent successfully to the server was 0 milliseconds ago. The driver has not received any packets from the server.
	at com.mysql.cj.jdbc.exceptions.SQLError.createCommunicationsException(SQLError.java:590)
	at com.mysql.cj.jdbc.exceptions.SQLExceptionsMapping.translateException(SQLExceptionsMapping.java:57)
	at com.mysql.cj.jdbc.ConnectionImpl.createNewIO(ConnectionImpl.java:1606)
	at com.mysql.cj.jdbc.ConnectionImpl.<init>(ConnectionImpl.java:633)
	at com.mysql.cj.jdbc.ConnectionImpl.getInstance(ConnectionImpl.java:347)
	at com.mysql.cj.jdbc.NonRegisteringDriver.connect(NonRegisteringDriver.java:219)
	at com.zaxxer.hikari.util.DriverDataSource.getConnection(DriverDataSource.java:117)
	at com.zaxxer.hikari.util.DriverDataSource.getConnection(DriverDataSource.java:123)
	at com.zaxxer.hikari.pool.PoolBase.newConnection(PoolBase.java:365)
	at com.zaxxer.hikari.pool.PoolBase.newPoolEntry(PoolBase.java:194)
	at com.zaxxer.hikari.pool.HikariPool.createPoolEntry(HikariPool.java:460)
	at com.zaxxer.hikari.pool.HikariPool.checkFailFast(HikariPool.java:534)
	at com.zaxxer.hikari.pool.HikariPool.<init>(HikariPool.java:115)
	at com.zaxxer.hikari.HikariDataSource.getConnection(HikariDataSource.java:112)
	at org.springframework.jdbc.datasource.DataSourceTransactionManager.doBegin(DataSourceTransactionManager.java:262)
	at org.springframework.transaction.support.AbstractPlatformTransactionManager.getTransaction(AbstractPlatformTransactionManager.java:378)
	at org.springframework.transaction.interceptor.TransactionAspectSupport.createTransactionIfNecessary(TransactionAspectSupport.java:474)
	at org.springframework.transaction.interceptor.TransactionAspectSupport.invokeWithinTransaction(TransactionAspectSupport.java:289)
	at org.springframework.transaction.interceptor.TransactionInterceptor.invoke(TransactionInterceptor.java:98)
	at org.springframework.aop.framework.ReflectiveMethodInvocation.proceed(ReflectiveMethodInvocation.java:185)
	at org.springframework.aop.framework.CglibAopProxy$DynamicAdvisedInterceptor.intercept(CglibAopProxy.java:688)
	at top.blockchain.service.impl.TokenServiceImpl$$EnhancerBySpringCGLIB$$8b3c8725.saveOrUpdate(<generated>)
	at top.blockchain.filter.ControllerToken.doAround(ControllerToken.java:62)
	at sun.reflect.NativeMethodAccessorImpl.invoke0(Native Method)
	at sun.reflect.NativeMethodAccessorImpl.invoke(NativeMethodAccessorImpl.java:62)
	at sun.reflect.DelegatingMethodAccessorImpl.invoke(DelegatingMethodAccessorImpl.java:43)
	at java.lang.reflect.Method.invoke(Method.java:498)
	at org.springframework.aop.aspectj.AbstractAspectJAdvice.invokeAdviceMethodWithGivenArgs(AbstractAspectJAdvice.java:644)
	at org.springframework.aop.aspectj.AbstractAspectJAdvice.invokeAdviceMethod(AbstractAspectJAdvice.java:633)
	at org.springframework.aop.aspectj.AspectJAroundAdvice.invoke(AspectJAroundAdvice.java:70)
	at org.springframework.aop.framework.ReflectiveMethodInvocation.proceed(ReflectiveMethodInvocation.java:185)
	at org.springframework.aop.interceptor.ExposeInvocationInterceptor.invoke(ExposeInvocationInterceptor.java:92)
	at org.springframework.aop.framework.ReflectiveMethodInvocation.proceed(ReflectiveMethodInvocation.java:185)
	at org.springframework.aop.framework.CglibAopProxy$DynamicAdvisedInterceptor.intercept(CglibAopProxy.java:688)
	at top.blockchain.controller.IndexController$$EnhancerBySpringCGLIB$$1ab43e6c.index(<generated>)
	at sun.reflect.NativeMethodAccessorImpl.invoke0(Native Method)
	at sun.reflect.NativeMethodAccessorImpl.invoke(NativeMethodAccessorImpl.java:62)
	at sun.reflect.DelegatingMethodAccessorImpl.invoke(DelegatingMethodAccessorImpl.java:43)
	at java.lang.reflect.Method.invoke(Method.java:498)
	at org.springframework.web.method.support.InvocableHandlerMethod.doInvoke(InvocableHandlerMethod.java:209)
	at org.springframework.web.method.support.InvocableHandlerMethod.invokeForRequest(InvocableHandlerMethod.java:136)
	at org.springframework.web.servlet.mvc.method.annotation.ServletInvocableHandlerMethod.invokeAndHandle(ServletInvocableHandlerMethod.java:102)
	at org.springframework.web.servlet.mvc.method.annotation.RequestMappingHandlerAdapter.invokeHandlerMethod(RequestMappingHandlerAdapter.java:877)
	at org.springframework.web.servlet.mvc.method.annotation.RequestMappingHandlerAdapter.handleInternal(RequestMappingHandlerAdapter.java:783)
	at org.springframework.web.servlet.mvc.method.AbstractHandlerMethodAdapter.handle(AbstractHandlerMethodAdapter.java:87)
	at org.springframework.web.servlet.DispatcherServlet.doDispatch(DispatcherServlet.java:991)
	at org.springframework.web.servlet.DispatcherServlet.doService(DispatcherServlet.java:925)
	at org.springframework.web.servlet.FrameworkServlet.processRequest(FrameworkServlet.java:974)
	at org.springframework.web.servlet.FrameworkServlet.doGet(FrameworkServlet.java:866)
	at javax.servlet.http.HttpServlet.service(HttpServlet.java:635)
	at org.springframework.web.servlet.FrameworkServlet.service(FrameworkServlet.java:851)
	at org.springframework.test.web.servlet.TestDispatcherServlet.service(TestDispatcherServlet.java:71)
	at javax.servlet.http.HttpServlet.service(HttpServlet.java:742)
	at org.springframework.mock.web.MockFilterChain$ServletFilterProxy.doFilter(MockFilterChain.java:166)
	at org.springframework.mock.web.MockFilterChain.doFilter(MockFilterChain.java:133)
	at org.springframework.web.filter.RequestContextFilter.doFilterInternal(RequestContextFilter.java:99)
	at org.springframework.web.filter.OncePerRequestFilter.doFilter(OncePerRequestFilter.java:107)
	at org.springframework.mock.web.MockFilterChain.doFilter(MockFilterChain.java:133)
	at org.springframework.web.filter.HttpPutFormContentFilter.doFilterInternal(HttpPutFormContentFilter.java:109)
	at org.springframework.web.filter.OncePerRequestFilter.doFilter(OncePerRequestFilter.java:107)
	at org.springframework.mock.web.MockFilterChain.doFilter(MockFilterChain.java:133)
	at org.springframework.web.filter.HiddenHttpMethodFilter.doFilterInternal(HiddenHttpMethodFilter.java:81)
	at org.springframework.web.filter.OncePerRequestFilter.doFilter(OncePerRequestFilter.java:107)
	at org.springframework.mock.web.MockFilterChain.doFilter(MockFilterChain.java:133)
	at org.springframework.web.filter.CharacterEncodingFilter.doFilterInternal(CharacterEncodingFilter.java:200)
	at org.springframework.web.filter.OncePerRequestFilter.doFilter(OncePerRequestFilter.java:107)
	at org.springframework.mock.web.MockFilterChain.doFilter(MockFilterChain.java:133)
	at org.springframework.test.web.servlet.MockMvc.perform(MockMvc.java:165)
	at test.top.blockchain.TestIndexController.testIndex(TestIndexController.java:28)
	at sun.reflect.NativeMethodAccessorImpl.invoke0(Native Method)
	at sun.reflect.NativeMethodAccessorImpl.invoke(NativeMethodAccessorImpl.java:62)
	at sun.reflect.DelegatingMethodAccessorImpl.invoke(DelegatingMethodAccessorImpl.java:43)
	at java.lang.reflect.Method.invoke(Method.java:498)
	at org.junit.runners.model.FrameworkMethod$1.runReflectiveCall(FrameworkMethod.java:50)
	at org.junit.internal.runners.model.ReflectiveCallable.run(ReflectiveCallable.java:12)
	at org.junit.runners.model.FrameworkMethod.invokeExplosively(FrameworkMethod.java:47)
	at org.junit.internal.runners.statements.InvokeMethod.evaluate(InvokeMethod.java:17)
	at org.springframework.test.context.junit4.statements.RunBeforeTestExecutionCallbacks.evaluate(RunBeforeTestExecutionCallbacks.java:73)
	at org.springframework.test.context.junit4.statements.RunAfterTestExecutionCallbacks.evaluate(RunAfterTestExecutionCallbacks.java:83)
	at org.springframework.test.context.junit4.statements.RunBeforeTestMethodCallbacks.evaluate(RunBeforeTestMethodCallbacks.java:75)
	at org.springframework.test.context.junit4.statements.RunAfterTestMethodCallbacks.evaluate(RunAfterTestMethodCallbacks.java:86)
	at org.springframework.test.context.junit4.statements.SpringRepeat.evaluate(SpringRepeat.java:84)
	at org.junit.runners.ParentRunner.runLeaf(ParentRunner.java:325)
	at org.springframework.test.context.junit4.SpringJUnit4ClassRunner.runChild(SpringJUnit4ClassRunner.java:251)
	at org.springframework.test.context.junit4.SpringJUnit4ClassRunner.runChild(SpringJUnit4ClassRunner.java:97)
	at org.junit.runners.ParentRunner$3.run(ParentRunner.java:290)
	at org.junit.runners.ParentRunner$1.schedule(ParentRunner.java:71)
	at org.junit.runners.ParentRunner.runChildren(ParentRunner.java:288)
	at org.junit.runners.ParentRunner.access$000(ParentRunner.java:58)
	at org.junit.runners.ParentRunner$2.evaluate(ParentRunner.java:268)
	at org.springframework.test.context.junit4.statements.RunBeforeTestClassCallbacks.evaluate(RunBeforeTestClassCallbacks.java:61)
	at org.springframework.test.context.junit4.statements.RunAfterTestClassCallbacks.evaluate(RunAfterTestClassCallbacks.java:70)
	at org.junit.runners.ParentRunner.run(ParentRunner.java:363)
	at org.springframework.test.context.junit4.SpringJUnit4ClassRunner.run(SpringJUnit4ClassRunner.java:190)
	at org.gradle.api.internal.tasks.testing.junit.JUnitTestClassExecutor.runTestClass(JUnitTestClassExecutor.java:110)
	at org.gradle.api.internal.tasks.testing.junit.JUnitTestClassExecutor.execute(JUnitTestClassExecutor.java:58)
	at org.gradle.api.internal.tasks.testing.junit.JUnitTestClassExecutor.execute(JUnitTestClassExecutor.java:38)
	at org.gradle.api.internal.tasks.testing.junit.AbstractJUnitTestClassProcessor.processTestClass(AbstractJUnitTestClassProcessor.java:62)
	at org.gradle.api.internal.tasks.testing.SuiteTestClassProcessor.processTestClass(SuiteTestClassProcessor.java:51)
	at sun.reflect.NativeMethodAccessorImpl.invoke0(Native Method)
	at sun.reflect.NativeMethodAccessorImpl.invoke(NativeMethodAccessorImpl.java:62)
	at sun.reflect.DelegatingMethodAccessorImpl.invoke(DelegatingMethodAccessorImpl.java:43)
	at java.lang.reflect.Method.invoke(Method.java:498)
	at org.gradle.internal.dispatch.ReflectionDispatch.dispatch(ReflectionDispatch.java:35)
	at org.gradle.internal.dispatch.ReflectionDispatch.dispatch(ReflectionDispatch.java:24)
	at org.gradle.internal.dispatch.ContextClassLoaderDispatch.dispatch(ContextClassLoaderDispatch.java:32)
	at org.gradle.internal.dispatch.ProxyDispatchAdapter$DispatchingInvocationHandler.invoke(ProxyDispatchAdapter.java:93)
	at com.sun.proxy.$Proxy2.processTestClass(Unknown Source)
	at org.gradle.api.internal.tasks.testing.worker.TestWorker.processTestClass(TestWorker.java:118)
	at sun.reflect.NativeMethodAccessorImpl.invoke0(Native Method)
	at sun.reflect.NativeMethodAccessorImpl.invoke(NativeMethodAccessorImpl.java:62)
	at sun.reflect.DelegatingMethodAccessorImpl.invoke(DelegatingMethodAccessorImpl.java:43)
	at java.lang.reflect.Method.invoke(Method.java:498)
	at org.gradle.internal.dispatch.ReflectionDispatch.dispatch(ReflectionDispatch.java:35)
	at org.gradle.internal.dispatch.ReflectionDispatch.dispatch(ReflectionDispatch.java:24)
	at org.gradle.internal.remote.internal.hub.MessageHubBackedObjectConnection$DispatchWrapper.dispatch(MessageHubBackedObjectConnection.java:175)
	at org.gradle.internal.remote.internal.hub.MessageHubBackedObjectConnection$DispatchWrapper.dispatch(MessageHubBackedObjectConnection.java:157)
	at org.gradle.internal.remote.internal.hub.MessageHub$Handler.run(MessageHub.java:404)
	at org.gradle.internal.concurrent.ExecutorPolicy$CatchAndRecordFailures.onExecute(ExecutorPolicy.java:63)
	at org.gradle.internal.concurrent.ManagedExecutorImpl$1.run(ManagedExecutorImpl.java:46)
	at java.util.concurrent.ThreadPoolExecutor.runWorker(ThreadPoolExecutor.java:1149)
	at java.util.concurrent.ThreadPoolExecutor$Worker.run(ThreadPoolExecutor.java:624)
	at org.gradle.internal.concurrent.ThreadFactoryImpl$ManagedThreadRunnable.run(ThreadFactoryImpl.java:55)
	at java.lang.Thread.run(Thread.java:748)
Caused by: com.mysql.cj.core.exceptions.CJCommunicationsException: Communications link failure

The last packet sent successfully to the server was 0 milliseconds ago. The driver has not received any packets from the server.
	at sun.reflect.NativeConstructorAccessorImpl.newInstance0(Native Method)
	at sun.reflect.NativeConstructorAccessorImpl.newInstance(NativeConstructorAccessorImpl.java:62)
	at sun.reflect.DelegatingConstructorAccessorImpl.newInstance(DelegatingConstructorAccessorImpl.java:45)
	at java.lang.reflect.Constructor.newInstance(Constructor.java:423)
	at com.mysql.cj.core.exceptions.ExceptionFactory.createException(ExceptionFactory.java:54)
	at com.mysql.cj.core.exceptions.ExceptionFactory.createException(ExceptionFactory.java:93)
	at com.mysql.cj.core.exceptions.ExceptionFactory.createException(ExceptionFactory.java:133)
	at com.mysql.cj.core.exceptions.ExceptionFactory.createCommunicationsException(ExceptionFactory.java:149)
	at com.mysql.cj.mysqla.io.MysqlaSocketConnection.connect(MysqlaSocketConnection.java:83)
	at com.mysql.cj.mysqla.MysqlaSession.connect(MysqlaSession.java:122)
	at com.mysql.cj.jdbc.ConnectionImpl.connectOneTryOnly(ConnectionImpl.java:1726)
	at com.mysql.cj.jdbc.ConnectionImpl.createNewIO(ConnectionImpl.java:1596)
	... 121 common frames omitted
Caused by: java.net.UnknownHostException: 数据库服务器地址
	at java.net.InetAddress.getAllByName0(InetAddress.java:1281)
	at java.net.InetAddress.getAllByName(InetAddress.java:1193)
	at java.net.InetAddress.getAllByName(InetAddress.java:1127)
	at com.mysql.cj.core.io.StandardSocketFactory.connect(StandardSocketFactory.java:179)
	at com.mysql.cj.mysqla.io.MysqlaSocketConnection.connect(MysqlaSocketConnection.java:57)
	... 124 common frames omitted
20:43:32.692 [Test worker] ERRORt.b.config.MyExceptionHandler
	处理发生错误
org.springframework.transaction.CannotCreateTransactionException: Could not open JDBC Connection for transaction; nested exception is com.mysql.cj.jdbc.exceptions.CommunicationsException: Communications link failure

The last packet sent successfully to the server was 0 milliseconds ago. The driver has not received any packets from the server.
	at org.springframework.jdbc.datasource.DataSourceTransactionManager.doBegin(DataSourceTransactionManager.java:305)
	at org.springframework.transaction.support.AbstractPlatformTransactionManager.getTransaction(AbstractPlatformTransactionManager.java:378)
	at org.springframework.transaction.interceptor.TransactionAspectSupport.createTransactionIfNecessary(TransactionAspectSupport.java:474)
	at org.springframework.transaction.interceptor.TransactionAspectSupport.invokeWithinTransaction(TransactionAspectSupport.java:289)
	at org.springframework.transaction.interceptor.TransactionInterceptor.invoke(TransactionInterceptor.java:98)
	at org.springframework.aop.framework.ReflectiveMethodInvocation.proceed(ReflectiveMethodInvocation.java:185)
	at org.springframework.aop.framework.CglibAopProxy$DynamicAdvisedInterceptor.intercept(CglibAopProxy.java:688)
	at top.blockchain.service.impl.TokenServiceImpl$$EnhancerBySpringCGLIB$$8b3c8725.saveOrUpdate(<generated>)
	at top.blockchain.filter.ControllerToken.doAround(ControllerToken.java:62)
	at sun.reflect.NativeMethodAccessorImpl.invoke0(Native Method)
	at sun.reflect.NativeMethodAccessorImpl.invoke(NativeMethodAccessorImpl.java:62)
	at sun.reflect.DelegatingMethodAccessorImpl.invoke(DelegatingMethodAccessorImpl.java:43)
	at java.lang.reflect.Method.invoke(Method.java:498)
	at org.springframework.aop.aspectj.AbstractAspectJAdvice.invokeAdviceMethodWithGivenArgs(AbstractAspectJAdvice.java:644)
	at org.springframework.aop.aspectj.AbstractAspectJAdvice.invokeAdviceMethod(AbstractAspectJAdvice.java:633)
	at org.springframework.aop.aspectj.AspectJAroundAdvice.invoke(AspectJAroundAdvice.java:70)
	at org.springframework.aop.framework.ReflectiveMethodInvocation.proceed(ReflectiveMethodInvocation.java:185)
	at org.springframework.aop.interceptor.ExposeInvocationInterceptor.invoke(ExposeInvocationInterceptor.java:92)
	at org.springframework.aop.framework.ReflectiveMethodInvocation.proceed(ReflectiveMethodInvocation.java:185)
	at org.springframework.aop.framework.CglibAopProxy$DynamicAdvisedInterceptor.intercept(CglibAopProxy.java:688)
	at top.blockchain.controller.IndexController$$EnhancerBySpringCGLIB$$1ab43e6c.index(<generated>)
	at sun.reflect.NativeMethodAccessorImpl.invoke0(Native Method)
	at sun.reflect.NativeMethodAccessorImpl.invoke(NativeMethodAccessorImpl.java:62)
	at sun.reflect.DelegatingMethodAccessorImpl.invoke(DelegatingMethodAccessorImpl.java:43)
	at java.lang.reflect.Method.invoke(Method.java:498)
	at org.springframework.web.method.support.InvocableHandlerMethod.doInvoke(InvocableHandlerMethod.java:209)
	at org.springframework.web.method.support.InvocableHandlerMethod.invokeForRequest(InvocableHandlerMethod.java:136)
	at org.springframework.web.servlet.mvc.method.annotation.ServletInvocableHandlerMethod.invokeAndHandle(ServletInvocableHandlerMethod.java:102)
	at org.springframework.web.servlet.mvc.method.annotation.RequestMappingHandlerAdapter.invokeHandlerMethod(RequestMappingHandlerAdapter.java:877)
	at org.springframework.web.servlet.mvc.method.annotation.RequestMappingHandlerAdapter.handleInternal(RequestMappingHandlerAdapter.java:783)
	at org.springframework.web.servlet.mvc.method.AbstractHandlerMethodAdapter.handle(AbstractHandlerMethodAdapter.java:87)
	at org.springframework.web.servlet.DispatcherServlet.doDispatch(DispatcherServlet.java:991)
	at org.springframework.web.servlet.DispatcherServlet.doService(DispatcherServlet.java:925)
	at org.springframework.web.servlet.FrameworkServlet.processRequest(FrameworkServlet.java:974)
	at org.springframework.web.servlet.FrameworkServlet.doGet(FrameworkServlet.java:866)
	at javax.servlet.http.HttpServlet.service(HttpServlet.java:635)
	at org.springframework.web.servlet.FrameworkServlet.service(FrameworkServlet.java:851)
	at org.springframework.test.web.servlet.TestDispatcherServlet.service(TestDispatcherServlet.java:71)
	at javax.servlet.http.HttpServlet.service(HttpServlet.java:742)
	at org.springframework.mock.web.MockFilterChain$ServletFilterProxy.doFilter(MockFilterChain.java:166)
	at org.springframework.mock.web.MockFilterChain.doFilter(MockFilterChain.java:133)
	at org.springframework.web.filter.RequestContextFilter.doFilterInternal(RequestContextFilter.java:99)
	at org.springframework.web.filter.OncePerRequestFilter.doFilter(OncePerRequestFilter.java:107)
	at org.springframework.mock.web.MockFilterChain.doFilter(MockFilterChain.java:133)
	at org.springframework.web.filter.HttpPutFormContentFilter.doFilterInternal(HttpPutFormContentFilter.java:109)
	at org.springframework.web.filter.OncePerRequestFilter.doFilter(OncePerRequestFilter.java:107)
	at org.springframework.mock.web.MockFilterChain.doFilter(MockFilterChain.java:133)
	at org.springframework.web.filter.HiddenHttpMethodFilter.doFilterInternal(HiddenHttpMethodFilter.java:81)
	at org.springframework.web.filter.OncePerRequestFilter.doFilter(OncePerRequestFilter.java:107)
	at org.springframework.mock.web.MockFilterChain.doFilter(MockFilterChain.java:133)
	at org.springframework.web.filter.CharacterEncodingFilter.doFilterInternal(CharacterEncodingFilter.java:200)
	at org.springframework.web.filter.OncePerRequestFilter.doFilter(OncePerRequestFilter.java:107)
	at org.springframework.mock.web.MockFilterChain.doFilter(MockFilterChain.java:133)
	at org.springframework.test.web.servlet.MockMvc.perform(MockMvc.java:165)
	at test.top.blockchain.TestIndexController.testIndex(TestIndexController.java:28)
	at sun.reflect.NativeMethodAccessorImpl.invoke0(Native Method)
	at sun.reflect.NativeMethodAccessorImpl.invoke(NativeMethodAccessorImpl.java:62)
	at sun.reflect.DelegatingMethodAccessorImpl.invoke(DelegatingMethodAccessorImpl.java:43)
	at java.lang.reflect.Method.invoke(Method.java:498)
	at org.junit.runners.model.FrameworkMethod$1.runReflectiveCall(FrameworkMethod.java:50)
	at org.junit.internal.runners.model.ReflectiveCallable.run(ReflectiveCallable.java:12)
	at org.junit.runners.model.FrameworkMethod.invokeExplosively(FrameworkMethod.java:47)
	at org.junit.internal.runners.statements.InvokeMethod.evaluate(InvokeMethod.java:17)
	at org.springframework.test.context.junit4.statements.RunBeforeTestExecutionCallbacks.evaluate(RunBeforeTestExecutionCallbacks.java:73)
	at org.springframework.test.context.junit4.statements.RunAfterTestExecutionCallbacks.evaluate(RunAfterTestExecutionCallbacks.java:83)
	at org.springframework.test.context.junit4.statements.RunBeforeTestMethodCallbacks.evaluate(RunBeforeTestMethodCallbacks.java:75)
	at org.springframework.test.context.junit4.statements.RunAfterTestMethodCallbacks.evaluate(RunAfterTestMethodCallbacks.java:86)
	at org.springframework.test.context.junit4.statements.SpringRepeat.evaluate(SpringRepeat.java:84)
	at org.junit.runners.ParentRunner.runLeaf(ParentRunner.java:325)
	at org.springframework.test.context.junit4.SpringJUnit4ClassRunner.runChild(SpringJUnit4ClassRunner.java:251)
	at org.springframework.test.context.junit4.SpringJUnit4ClassRunner.runChild(SpringJUnit4ClassRunner.java:97)
	at org.junit.runners.ParentRunner$3.run(ParentRunner.java:290)
	at org.junit.runners.ParentRunner$1.schedule(ParentRunner.java:71)
	at org.junit.runners.ParentRunner.runChildren(ParentRunner.java:288)
	at org.junit.runners.ParentRunner.access$000(ParentRunner.java:58)
	at org.junit.runners.ParentRunner$2.evaluate(ParentRunner.java:268)
	at org.springframework.test.context.junit4.statements.RunBeforeTestClassCallbacks.evaluate(RunBeforeTestClassCallbacks.java:61)
	at org.springframework.test.context.junit4.statements.RunAfterTestClassCallbacks.evaluate(RunAfterTestClassCallbacks.java:70)
	at org.junit.runners.ParentRunner.run(ParentRunner.java:363)
	at org.springframework.test.context.junit4.SpringJUnit4ClassRunner.run(SpringJUnit4ClassRunner.java:190)
	at org.gradle.api.internal.tasks.testing.junit.JUnitTestClassExecutor.runTestClass(JUnitTestClassExecutor.java:110)
	at org.gradle.api.internal.tasks.testing.junit.JUnitTestClassExecutor.execute(JUnitTestClassExecutor.java:58)
	at org.gradle.api.internal.tasks.testing.junit.JUnitTestClassExecutor.execute(JUnitTestClassExecutor.java:38)
	at org.gradle.api.internal.tasks.testing.junit.AbstractJUnitTestClassProcessor.processTestClass(AbstractJUnitTestClassProcessor.java:62)
	at org.gradle.api.internal.tasks.testing.SuiteTestClassProcessor.processTestClass(SuiteTestClassProcessor.java:51)
	at sun.reflect.NativeMethodAccessorImpl.invoke0(Native Method)
	at sun.reflect.NativeMethodAccessorImpl.invoke(NativeMethodAccessorImpl.java:62)
	at sun.reflect.DelegatingMethodAccessorImpl.invoke(DelegatingMethodAccessorImpl.java:43)
	at java.lang.reflect.Method.invoke(Method.java:498)
	at org.gradle.internal.dispatch.ReflectionDispatch.dispatch(ReflectionDispatch.java:35)
	at org.gradle.internal.dispatch.ReflectionDispatch.dispatch(ReflectionDispatch.java:24)
	at org.gradle.internal.dispatch.ContextClassLoaderDispatch.dispatch(ContextClassLoaderDispatch.java:32)
	at org.gradle.internal.dispatch.ProxyDispatchAdapter$DispatchingInvocationHandler.invoke(ProxyDispatchAdapter.java:93)
	at com.sun.proxy.$Proxy2.processTestClass(Unknown Source)
	at org.gradle.api.internal.tasks.testing.worker.TestWorker.processTestClass(TestWorker.java:118)
	at sun.reflect.NativeMethodAccessorImpl.invoke0(Native Method)
	at sun.reflect.NativeMethodAccessorImpl.invoke(NativeMethodAccessorImpl.java:62)
	at sun.reflect.DelegatingMethodAccessorImpl.invoke(DelegatingMethodAccessorImpl.java:43)
	at java.lang.reflect.Method.invoke(Method.java:498)
	at org.gradle.internal.dispatch.ReflectionDispatch.dispatch(ReflectionDispatch.java:35)
	at org.gradle.internal.dispatch.ReflectionDispatch.dispatch(ReflectionDispatch.java:24)
	at org.gradle.internal.remote.internal.hub.MessageHubBackedObjectConnection$DispatchWrapper.dispatch(MessageHubBackedObjectConnection.java:175)
	at org.gradle.internal.remote.internal.hub.MessageHubBackedObjectConnection$DispatchWrapper.dispatch(MessageHubBackedObjectConnection.java:157)
	at org.gradle.internal.remote.internal.hub.MessageHub$Handler.run(MessageHub.java:404)
	at org.gradle.internal.concurrent.ExecutorPolicy$CatchAndRecordFailures.onExecute(ExecutorPolicy.java:63)
	at org.gradle.internal.concurrent.ManagedExecutorImpl$1.run(ManagedExecutorImpl.java:46)
	at java.util.concurrent.ThreadPoolExecutor.runWorker(ThreadPoolExecutor.java:1149)
	at java.util.concurrent.ThreadPoolExecutor$Worker.run(ThreadPoolExecutor.java:624)
	at org.gradle.internal.concurrent.ThreadFactoryImpl$ManagedThreadRunnable.run(ThreadFactoryImpl.java:55)
	at java.lang.Thread.run(Thread.java:748)
Caused by: com.mysql.cj.jdbc.exceptions.CommunicationsException: Communications link failure

The last packet sent successfully to the server was 0 milliseconds ago. The driver has not received any packets from the server.
	at com.mysql.cj.jdbc.exceptions.SQLError.createCommunicationsException(SQLError.java:590)
	at com.mysql.cj.jdbc.exceptions.SQLExceptionsMapping.translateException(SQLExceptionsMapping.java:57)
	at com.mysql.cj.jdbc.ConnectionImpl.createNewIO(ConnectionImpl.java:1606)
	at com.mysql.cj.jdbc.ConnectionImpl.<init>(ConnectionImpl.java:633)
	at com.mysql.cj.jdbc.ConnectionImpl.getInstance(ConnectionImpl.java:347)
	at com.mysql.cj.jdbc.NonRegisteringDriver.connect(NonRegisteringDriver.java:219)
	at com.zaxxer.hikari.util.DriverDataSource.getConnection(DriverDataSource.java:117)
	at com.zaxxer.hikari.util.DriverDataSource.getConnection(DriverDataSource.java:123)
	at com.zaxxer.hikari.pool.PoolBase.newConnection(PoolBase.java:365)
	at com.zaxxer.hikari.pool.PoolBase.newPoolEntry(PoolBase.java:194)
	at com.zaxxer.hikari.pool.HikariPool.createPoolEntry(HikariPool.java:460)
	at com.zaxxer.hikari.pool.HikariPool.checkFailFast(HikariPool.java:534)
	at com.zaxxer.hikari.pool.HikariPool.<init>(HikariPool.java:115)
	at com.zaxxer.hikari.HikariDataSource.getConnection(HikariDataSource.java:112)
	at org.springframework.jdbc.datasource.DataSourceTransactionManager.doBegin(DataSourceTransactionManager.java:262)
	... 109 common frames omitted
Caused by: com.mysql.cj.core.exceptions.CJCommunicationsException: Communications link failure

The last packet sent successfully to the server was 0 milliseconds ago. The driver has not received any packets from the server.
	at sun.reflect.NativeConstructorAccessorImpl.newInstance0(Native Method)
	at sun.reflect.NativeConstructorAccessorImpl.newInstance(NativeConstructorAccessorImpl.java:62)
	at sun.reflect.DelegatingConstructorAccessorImpl.newInstance(DelegatingConstructorAccessorImpl.java:45)
	at java.lang.reflect.Constructor.newInstance(Constructor.java:423)
	at com.mysql.cj.core.exceptions.ExceptionFactory.createException(ExceptionFactory.java:54)
	at com.mysql.cj.core.exceptions.ExceptionFactory.createException(ExceptionFactory.java:93)
	at com.mysql.cj.core.exceptions.ExceptionFactory.createException(ExceptionFactory.java:133)
	at com.mysql.cj.core.exceptions.ExceptionFactory.createCommunicationsException(ExceptionFactory.java:149)
	at com.mysql.cj.mysqla.io.MysqlaSocketConnection.connect(MysqlaSocketConnection.java:83)
	at com.mysql.cj.mysqla.MysqlaSession.connect(MysqlaSession.java:122)
	at com.mysql.cj.jdbc.ConnectionImpl.connectOneTryOnly(ConnectionImpl.java:1726)
	at com.mysql.cj.jdbc.ConnectionImpl.createNewIO(ConnectionImpl.java:1596)
	... 121 common frames omitted
Caused by: java.net.UnknownHostException: 数据库服务器地址
	at java.net.InetAddress.getAllByName0(InetAddress.java:1281)
	at java.net.InetAddress.getAllByName(InetAddress.java:1193)
	at java.net.InetAddress.getAllByName(InetAddress.java:1127)
	at com.mysql.cj.core.io.StandardSocketFactory.connect(StandardSocketFactory.java:179)
	at com.mysql.cj.mysqla.io.MysqlaSocketConnection.connect(MysqlaSocketConnection.java:57)
	... 124 common frames omitted
]]></system-out>
  <system-err><![CDATA[]]></system-err>
</testsuite>
